c:\users\ivan\source\repos\course_work\course_work\x64\debug\vc143.pdb
c:\users\ivan\source\repos\course_work\course_work\x64\debug\vc143.idb
c:\users\ivan\source\repos\course_work\course_work\x64\debug\wlan.obj
c:\users\ivan\source\repos\course_work\course_work\x64\debug\systemunit.obj
c:\users\ivan\source\repos\course_work\course_work\x64\debug\mouse.obj
c:\users\ivan\source\repos\course_work\course_work\x64\debug\keyboard.obj
c:\users\ivan\source\repos\course_work\course_work\x64\debug\monitor.obj
c:\users\ivan\source\repos\course_work\course_work\x64\debug\inputdevice.obj
c:\users\ivan\source\repos\course_work\course_work\x64\debug\headphones.obj
c:\users\ivan\source\repos\course_work\course_work\x64\debug\course_work.obj
c:\users\ivan\source\repos\course_work\course_work\x64\debug\computer.obj
c:\users\ivan\source\repos\course_work\course_work\x64\debug\user.obj
c:\users\ivan\source\repos\course_work\course_work\x64\debug\outputdevice.obj
c:\users\ivan\source\repos\course_work\x64\debug\course_work.exe
c:\users\ivan\source\repos\course_work\course_work\x64\debug\course_work.ilk
c:\users\ivan\source\repos\course_work\x64\debug\course_work.pdb
c:\users\ivan\source\repos\course_work\course_work\x64\debug\course_work.tlog\cl.command.1.tlog
c:\users\ivan\source\repos\course_work\course_work\x64\debug\course_work.tlog\cl.read.1.tlog
c:\users\ivan\source\repos\course_work\course_work\x64\debug\course_work.tlog\cl.write.1.tlog
c:\users\ivan\source\repos\course_work\course_work\x64\debug\course_work.tlog\link.command.1.tlog
c:\users\ivan\source\repos\course_work\course_work\x64\debug\course_work.tlog\link.read.1.tlog
c:\users\ivan\source\repos\course_work\course_work\x64\debug\course_work.tlog\link.write.1.tlog
